## [0.0.4] – 2025-10-05
- Auto-increment build
- Core tweak + self-learning
- Profiling & log management
- KsuWebUI toggle + notification integrated

## [v0.0.3] – 2025-10-05
- Core tweak + self-learning engine (baseline V0.0.1)
- Profiling jitter & delay (before/after tweak)
- Log management (auto-delete >3 hari)
- post-fs-data.sh service auto-start
- KsuWebUI toggle integrated
- Notifications integrated
- Author & kontak lengkap
- Pending:
  - Dynamic Mode Switching
  - Smart Notification
  - Auto Switch Gaming/Streaming/Idle

## [v0.0.3] – 2025-10-05
- Core tweak + self-learning engine dengan baseline V0.0.1
- Profiling jitter & delay (before/after tweak)
- Log management (auto-delete >3 hari)
- post-fs-data.sh service auto-start
- Struktur modul rapih & siap integrasi KsuWebUI
- Author & kontak lengkap
- Pending:
  - Dynamic Mode Switching
  - Smart Notification
  - Auto Switch Gaming/Streaming/Idle

## [v0.0.3] – 2025-10-05
- Core tweak + self-learning engine dengan baseline V0.0.1
- Profiling jitter & delay (before/after tweak)
- Log management (auto-delete >3 hari)
- post-fs-data.sh service auto-start
- Struktur modul rapih & siap integrasi KsuWebUI
- Author & kontak lengkap
- Pending:
  - Dynamic Mode Switching
  - Smart Notification
  - Auto Switch Gaming/Streaming/Idle

## [v0.0.3] – 2025-10-05
- Core tweak + self-learning engine dengan baseline V0.0.1
- Profiling jitter & delay (before/after tweak)
- Log management (auto-delete >3 hari)
- post-fs-data.sh service auto-start
- Struktur modul rapih & siap integrasi KsuWebUI
- Author & kontak lengkap
- Pending:
  - Dynamic Mode Switching
  - Smart Notification
  - Auto Switch Gaming/Streaming/Idle

## [v0.0.3] – 2025-10-05
- Core tweak + self-learning engine dengan baseline V0.0.1
- Profiling jitter & delay (before/after tweak)
- Log management (auto-delete >3 hari)
- post-fs-data.sh service auto-start
- Struktur modul rapih & siap integrasi KsuWebUI
- Author & kontak lengkap
- Pending:
  - Dynamic Mode Switching
  - Smart Notification
  - Auto Switch Gaming/Streaming/Idle

## [v0.0.3] – 2025-10-05
- Core tweak + self-learning engine dengan baseline V0.0.1
- Profiling jitter & delay (before/after tweak)
- Log management (auto-delete >3 hari)
- post-fs-data.sh service auto-start
- Struktur modul rapih & siap integrasi KsuWebUI
- Author & kontak lengkap
- Pending:
  - Dynamic Mode Switching
  - Smart Notification
  - Auto Switch Gaming/Streaming/Idle

## [v0.0.3] – 2025-10-05
- Core tweak + self-learning engine dengan baseline V0.0.1
- Profiling jitter & delay (before/after tweak)
- Log management (auto-delete >3 hari)
- post-fs-data.sh service auto-start
- Struktur modul rapih & siap integrasi KsuWebUI
- Author & kontak lengkap
- Pending:
  - Dynamic Mode Switching
  - Smart Notification
  - Auto Switch Gaming/Streaming/Idle

## [v0.0.3] – 2025-10-05
- Core tweak + self-learning engine dengan baseline V0.0.1
- Profiling jitter & delay (before/after tweak)
- Log management (auto-delete >3 hari)
- post-fs-data.sh service auto-start
- Struktur modul rapih & siap integrasi KsuWebUI
- Author & kontak lengkap
- Pending:
  - Dynamic Mode Switching
  - Smart Notification
  - Auto Switch Gaming/Streaming/Idle

